Download the React DevTools for a better development experience: https://fb.me/react-devtools
GET https://connect.decknetwork.net/deckNP_js.php?1473982353612 net::ERR_BLOCKED_BY_CLIENT
jQuery( 'a[href^="/term/"]' ).each( function(){
  let href = jQuery(this).attr('href'),
    id = href.slice( href.lastIndexOf( '/' ) + 1 ),
    url = `https://thenounproject.com/icon/${id}/download/`;

  jQuery.ajax({
    type: 'POST',
    url: url,
    data: 'img_type=png',
    processData: false,
    complete: function( data ){
      console.log( data.responseJSON.download );
    }
  });
});

init[143]
https://d30y9cdsu7xlg0.cloudfront.net/png/32-1200.png?response-content-disp…iGZaISdYJse0XJebd2jirpL6R5VnvmvAnNMFAszg_&Key-Pair-Id=APKAI5ZVHAXN65CHVU2Q
https://d30y9cdsu7xlg0.cloudfront.net/png/19-1200.png?response-content-disp…Zqvj2EcLlhOxL5NSXZcJYIXaxKmlUeE4qsK7kTBs_&Key-Pair-Id=APKAI5ZVHAXN65CHVU2Q
https://d30y9cdsu7xlg0.cloudfront.net/png/25-1200.png?response-content-disp…1zeqm78e4-KM-XCkVB8OLkW0QTZCVUcX6LbPCrsM_&Key-Pair-Id=APKAI5ZVHAXN65CHVU2Q
https://d30y9cdsu7xlg0.cloudfront.net/png/44-1200.png?response-content-disp…StsyDvE4MH37HsYSkav5asLMOsmpaOJ95KzRoR6g_&Key-Pair-Id=APKAI5ZVHAXN65CHVU2Q
https://d30y9cdsu7xlg0.cloudfront.net/png/46-1200.png?response-content-disp…WdbNzQsNeOB-IiVHnE8hZRzN4yPSN-sFEdMfJen0_&Key-Pair-Id=APKAI5ZVHAXN65CHVU2Q
https://d30y9cdsu7xlg0.cloudfront.net/png/58-1200.png?response-content-disp…iSx4zSXWyA~~-jtn7xUpdZB6Iz2bkvOqWR3DW3jQ_&Key-Pair-Id=APKAI5ZVHAXN65CHVU2Q
https://d30y9cdsu7xlg0.cloudfront.net/png/51-1200.png?response-content-disp…x-C8xv2hgzN63~hUOjuf3P4ekMFzJ9nnRXWzleGk_&Key-Pair-Id=APKAI5ZVHAXN65CHVU2Q
https://d30y9cdsu7xlg0.cloudfront.net/png/43-1200.png?response-content-disp…axQNxqWXXUUrq96q0ZLVWp5X1zR8vTrSSVBxY-6E_&Key-Pair-Id=APKAI5ZVHAXN65CHVU2Q
https://d30y9cdsu7xlg0.cloudfront.net/png/57-1200.png?response-content-disp…UKWSWctOAH74wcH4tgR-eBNx-x0TJ50HIu2YsIH4_&Key-Pair-Id=APKAI5ZVHAXN65CHVU2Q
https://d30y9cdsu7xlg0.cloudfront.net/png/64-1200.png?response-content-disp…EE4WkY5UvdFja0E3t2cRsOg7dIrEK1yG7VN-7wDU_&Key-Pair-Id=APKAI5ZVHAXN65CHVU2Q
https://d30y9cdsu7xlg0.cloudfront.net/png/76-1200.png?response-content-disp…PzZWUYpUgiMDyr74LRXWjAP79kYcgTNllcrZqo3w_&Key-Pair-Id=APKAI5ZVHAXN65CHVU2Q
https://d30y9cdsu7xlg0.cloudfront.net/png/82-1200.png?response-content-disp…9pwTYZWN468FUktPouVf6qIsKqa17cG9wP7chImU_&Key-Pair-Id=APKAI5ZVHAXN65CHVU2Q
https://d30y9cdsu7xlg0.cloudfront.net/png/87-1200.png?response-content-disp…2Y7n0s89KuiLpH71V1jaw1t4~TMbXy7PfmF4eigI_&Key-Pair-Id=APKAI5ZVHAXN65CHVU2Q
https://d30y9cdsu7xlg0.cloudfront.net/png/103-1200.png?response-content-dis…RX-YK6UYYG8h0f3i3sI6dmcVavSfO5j0AP3fFPdE_&Key-Pair-Id=APKAI5ZVHAXN65CHVU2Q
https://d30y9cdsu7xlg0.cloudfront.net/png/86-1200.png?response-content-disp…VwYJ7mkfNYDD25nro0zEQ1~oLmdmAj-yxbNFjxzU_&Key-Pair-Id=APKAI5ZVHAXN65CHVU2Q
https://d30y9cdsu7xlg0.cloudfront.net/png/118-1200.png?response-content-dis…f9GTyHapfIVoHTKg0BzaXGGfuemlwQ8mvlcpocbw_&Key-Pair-Id=APKAI5ZVHAXN65CHVU2Q
https://d30y9cdsu7xlg0.cloudfront.net/png/132-1200.png?response-content-dis…zcFY2uVNQyVYVcNZVkXYYaIQGXrMjUaQwUPC4HAc_&Key-Pair-Id=APKAI5ZVHAXN65CHVU2Q
https://d30y9cdsu7xlg0.cloudfront.net/png/107-1200.png?response-content-dis…27SH9aBhXioWPiVPTLkz0GJaM3pHGnd9Kv7XwsUs_&Key-Pair-Id=APKAI5ZVHAXN65CHVU2Q
https://d30y9cdsu7xlg0.cloudfront.net/png/156-1200.png?response-content-dis…sXaskc0CScOwqRQtbHfZjK5spDtKx4wLkozJMAKk_&Key-Pair-Id=APKAI5ZVHAXN65CHVU2Q
https://d30y9cdsu7xlg0.cloudfront.net/png/159-1200.png?response-content-dis…vO5baB8I7z0PZpKZvC9TUwKYNA-ul2Llo6rYWi0c_&Key-Pair-Id=APKAI5ZVHAXN65CHVU2Q
https://d30y9cdsu7xlg0.cloudfront.net/png/112-1200.png?response-content-dis…LSmLpAYCziHzcWmdZ1zA0ILjLA3F5NAdO3UttxRo_&Key-Pair-Id=APKAI5ZVHAXN65CHVU2Q
https://d30y9cdsu7xlg0.cloudfront.net/png/164-1200.png?response-content-dis…6vI2jSLqmVAP-~RhjBZfqLCxVMAZj8jG3Kq66TtY_&Key-Pair-Id=APKAI5ZVHAXN65CHVU2Q
https://d30y9cdsu7xlg0.cloudfront.net/png/161-1200.png?response-content-dis…GpsZEqAGJqvk9EmYQevll-PnkjjKj89RGeU1k0Go_&Key-Pair-Id=APKAI5ZVHAXN65CHVU2Q
https://d30y9cdsu7xlg0.cloudfront.net/png/190-1200.png?response-content-dis…hLwWYhn3WclX5r6ZEp6F1qyTaHQMfMYOupaPTb5g_&Key-Pair-Id=APKAI5ZVHAXN65CHVU2Q
https://d30y9cdsu7xlg0.cloudfront.net/png/189-1200.png?response-content-dis…VtZ4HNGV9WukkCVB1407AfA2c50pxujOfhISjZXQ_&Key-Pair-Id=APKAI5ZVHAXN65CHVU2Q
https://d30y9cdsu7xlg0.cloudfront.net/png/183-1200.png?response-content-dis…Yny8Uv72BvkfQm53POT8bzTmuYKuFySUKGDodRG8_&Key-Pair-Id=APKAI5ZVHAXN65CHVU2Q
https://d30y9cdsu7xlg0.cloudfront.net/png/191-1200.png?response-content-dis…03z-v0AQ33CGBOowXFLGmJj2nVS0LmaZ8ssoFgFY_&Key-Pair-Id=APKAI5ZVHAXN65CHVU2Q
https://d30y9cdsu7xlg0.cloudfront.net/png/196-1200.png?response-content-dis…qICMSCbtO~emJZbiZZbNo~td9P34Mf1H~stBCA0M_&Key-Pair-Id=APKAI5ZVHAXN65CHVU2Q
https://d30y9cdsu7xlg0.cloudfront.net/png/193-1200.png?response-content-dis…jMopPr4PKwpehpW49L-eUArJo~ROnWr3Ai3Q-F34_&Key-Pair-Id=APKAI5ZVHAXN65CHVU2Q
https://d30y9cdsu7xlg0.cloudfront.net/png/197-1200.png?response-content-dis…jpebctkVHCUY1s-mjRbbSrxpJYFvvxPiFL7RQe20_&Key-Pair-Id=APKAI5ZVHAXN65CHVU2Q
https://d30y9cdsu7xlg0.cloudfront.net/png/199-1200.png?response-content-dis…fg6tDV4j5E4t2J-DEfrQxC1klyQkNsc~BjF3FQZQ_&Key-Pair-Id=APKAI5ZVHAXN65CHVU2Q
https://d30y9cdsu7xlg0.cloudfront.net/png/200-1200.png?response-content-dis…hB5P4OntFL3dlo0WCvrzgCra7lPhSQPaggFQT1Lk_&Key-Pair-Id=APKAI5ZVHAXN65CHVU2Q
https://d30y9cdsu7xlg0.cloudfront.net/png/201-1200.png?response-content-dis…SO0B8U~w~GZ1sgfaKzVlc5QDBZoJaQ3zUW6APAlM_&Key-Pair-Id=APKAI5ZVHAXN65CHVU2Q
https://d30y9cdsu7xlg0.cloudfront.net/png/202-1200.png?response-content-dis…y6Jspf2MSYDqydQwBEocgpUcLNLS1BYIUMFES7cg_&Key-Pair-Id=APKAI5ZVHAXN65CHVU2Q
https://d30y9cdsu7xlg0.cloudfront.net/png/204-1200.png?response-content-dis…Ed5P-iWWmdIDigqYEA5Qge40Y3X-8WK-nSOWngaY_&Key-Pair-Id=APKAI5ZVHAXN65CHVU2Q
https://d30y9cdsu7xlg0.cloudfront.net/png/203-1200.png?response-content-dis…eRd0bYllbMcKtlqskoJuF5Ka6HYZO6NhGgnv9-AE_&Key-Pair-Id=APKAI5ZVHAXN65CHVU2Q
https://d30y9cdsu7xlg0.cloudfront.net/png/205-1200.png?response-content-dis…sJ2MpEqYfL~OpnqMFRUaeYqyjidqMaF-OnIHikWw_&Key-Pair-Id=APKAI5ZVHAXN65CHVU2Q
https://d30y9cdsu7xlg0.cloudfront.net/png/206-1200.png?response-content-dis…MnnNN8hmQ0uxvGVoFOOcRKLU6MwIsNhz7y4TifTA_&Key-Pair-Id=APKAI5ZVHAXN65CHVU2Q
https://d30y9cdsu7xlg0.cloudfront.net/png/207-1200.png?response-content-dis…qJGbhnrXaT3ONtZ1~KbiMnPEqk9nVV329L21Qrgc_&Key-Pair-Id=APKAI5ZVHAXN65CHVU2Q
https://d30y9cdsu7xlg0.cloudfront.net/png/208-1200.png?response-content-dis…MyvRQOSVU9Qk~GuoSHMNKvFelmeCWIXqJE1m66yo_&Key-Pair-Id=APKAI5ZVHAXN65CHVU2Q
https://d30y9cdsu7xlg0.cloudfront.net/png/209-1200.png?response-content-dis…fQ8k1xZ4XVd3XXsuSuXqWoCYrEXJHKfyqRk1bx3I_&Key-Pair-Id=APKAI5ZVHAXN65CHVU2Q
https://d30y9cdsu7xlg0.cloudfront.net/png/214-1200.png?response-content-dis…OseG7yctVMTbt5WWuomZMozsw3vctJP0rYUyT65I_&Key-Pair-Id=APKAI5ZVHAXN65CHVU2Q
https://d30y9cdsu7xlg0.cloudfront.net/png/215-1200.png?response-content-dis…qCgHd1aO93D0QFkz7k2ZoaMNfKAOFtcTYZk5gUfM_&Key-Pair-Id=APKAI5ZVHAXN65CHVU2Q
https://d30y9cdsu7xlg0.cloudfront.net/png/221-1200.png?response-content-dis…UkyyoolEuygNSEi1d8DbVeeaHdiblvFDPc7IgxRg_&Key-Pair-Id=APKAI5ZVHAXN65CHVU2Q
https://d30y9cdsu7xlg0.cloudfront.net/png/222-1200.png?response-content-dis…KcPbCUFjiS1cYTTo36uO7Kfu4mmUuNnfnN2it2Us_&Key-Pair-Id=APKAI5ZVHAXN65CHVU2Q
https://d30y9cdsu7xlg0.cloudfront.net/png/226-1200.png?response-content-dis…euWqdSomy64SPQJphaPTokC8UWPZvGJOQzlyQanE_&Key-Pair-Id=APKAI5ZVHAXN65CHVU2Q
https://d30y9cdsu7xlg0.cloudfront.net/png/227-1200.png?response-content-dis…-lvh72ZxDYs2zFFxPa4gfZk4bTC7Q1Wz1Yqyw2Lc_&Key-Pair-Id=APKAI5ZVHAXN65CHVU2Q
https://d30y9cdsu7xlg0.cloudfront.net/png/228-1200.png?response-content-dis…3VH78tq~JprZ2UIY322YL3~AbFt-XfpO5xp5mHuQ_&Key-Pair-Id=APKAI5ZVHAXN65CHVU2Q
https://d30y9cdsu7xlg0.cloudfront.net/png/229-1200.png?response-content-dis…fzOMQq91nSu~1oKswIRvZtuBbg9Os3ZNb2DPpvfU_&Key-Pair-Id=APKAI5ZVHAXN65CHVU2Q
https://d30y9cdsu7xlg0.cloudfront.net/png/230-1200.png?response-content-dis…3fXKt3z81nV5-qeZIsUZsg2ZWvoWm4N2wopynfYc_&Key-Pair-Id=APKAI5ZVHAXN65CHVU2Q
https://d30y9cdsu7xlg0.cloudfront.net/png/231-1200.png?response-content-dis…lnpGs2upF~50Zw5xQ9aQc-mKVsgekYfYi70tgil4_&Key-Pair-Id=APKAI5ZVHAXN65CHVU2Q
https://d30y9cdsu7xlg0.cloudfront.net/png/234-1200.png?response-content-dis…SLklSXWDWyfu99WTSUnFeznsSlzkSKbztbbZObSo_&Key-Pair-Id=APKAI5ZVHAXN65CHVU2Q
https://d30y9cdsu7xlg0.cloudfront.net/png/236-1200.png?response-content-dis…mKao7it25O1mVnAb8Q0uka86uWBtZIMzm9QEXoz0_&Key-Pair-Id=APKAI5ZVHAXN65CHVU2Q
https://d30y9cdsu7xlg0.cloudfront.net/png/239-1200.png?response-content-dis…zDX3W4eLHZppDYFbPLFnE14L-y24Yt6wdwtym8bs_&Key-Pair-Id=APKAI5ZVHAXN65CHVU2Q
https://d30y9cdsu7xlg0.cloudfront.net/png/238-1200.png?response-content-dis…GcRBU3-n9fEtdXf62XqMUOg9q9ucCEOA3Zvb5RYk_&Key-Pair-Id=APKAI5ZVHAXN65CHVU2Q
https://d30y9cdsu7xlg0.cloudfront.net/png/240-1200.png?response-content-dis…vED2W4sqO-HU7dQO01yumnQugWrThUTL4xu1Etfs_&Key-Pair-Id=APKAI5ZVHAXN65CHVU2Q
https://d30y9cdsu7xlg0.cloudfront.net/png/241-1200.png?response-content-dis…yBOQeql3CjGjHmV~RtyVggmE94wA1rg6UGE6mRmo_&Key-Pair-Id=APKAI5ZVHAXN65CHVU2Q
https://d30y9cdsu7xlg0.cloudfront.net/png/242-1200.png?response-content-dis…f46MTVXR5spsb6hcI8AKLyo7y121oBJMz3jDz3Mk_&Key-Pair-Id=APKAI5ZVHAXN65CHVU2Q
https://d30y9cdsu7xlg0.cloudfront.net/png/243-1200.png?response-content-dis…I1ioVU9iQO1psmv~C23bh6xDlbrKnjDEXQSogUU0_&Key-Pair-Id=APKAI5ZVHAXN65CHVU2Q
https://d30y9cdsu7xlg0.cloudfront.net/png/245-1200.png?response-content-dis…gtuIKzCbjmz4h1S7GPyCHPKM4sJj2B3o7yfxnvMY_&Key-Pair-Id=APKAI5ZVHAXN65CHVU2Q
https://d30y9cdsu7xlg0.cloudfront.net/png/254-1200.png?response-content-dis…fh3JeW2zNmpI1pfYy0UtZnNCM5eeUH0cptKeTbd4_&Key-Pair-Id=APKAI5ZVHAXN65CHVU2Q
https://d30y9cdsu7xlg0.cloudfront.net/png/260-1200.png?response-content-dis…uyTVEnA79PABVVmvgVaDPFS2K1sU0ZNQIciTdOwA_&Key-Pair-Id=APKAI5ZVHAXN65CHVU2Q
https://d30y9cdsu7xlg0.cloudfront.net/png/265-1200.png?response-content-dis…~ldpERXPeo4k9k3MnO87ZEonYJ-bVy4jeoZAUAOE_&Key-Pair-Id=APKAI5ZVHAXN65CHVU2Q
https://d30y9cdsu7xlg0.cloudfront.net/png/264-1200.png?response-content-dis…1ek6y912WcCklVjJTVM~Ngh98bWw0gUZQibPcUgE_&Key-Pair-Id=APKAI5ZVHAXN65CHVU2Q
https://d30y9cdsu7xlg0.cloudfront.net/png/263-1200.png?response-content-dis…afmRrI5ukrkw3lURILLWafvxBkM1rBNdxx~xzmro_&Key-Pair-Id=APKAI5ZVHAXN65CHVU2Q
https://d30y9cdsu7xlg0.cloudfront.net/png/268-1200.png?response-content-dis…Kimi0UJPCgYUKtv4KfRmlRLeKycbUD405QAfHif0_&Key-Pair-Id=APKAI5ZVHAXN65CHVU2Q
https://d30y9cdsu7xlg0.cloudfront.net/png/270-1200.png?response-content-dis…E1BCs36aVlSNndLsVxM3Si0vmPpL-klNf-c0uEIM_&Key-Pair-Id=APKAI5ZVHAXN65CHVU2Q
https://d30y9cdsu7xlg0.cloudfront.net/png/274-1200.png?response-content-dis…Qw9x9bs5~P~Xf8AY~igFUjt-KR7ooE4fLAf6oH2M_&Key-Pair-Id=APKAI5ZVHAXN65CHVU2Q
https://d30y9cdsu7xlg0.cloudfront.net/png/278-1200.png?response-content-dis…jGu7BPHqKy9Dxfnc6xJDja9KEmKy3Qmo-Cufx5cg_&Key-Pair-Id=APKAI5ZVHAXN65CHVU2Q
https://d30y9cdsu7xlg0.cloudfront.net/png/310-1200.png?response-content-dis…ofqECEC7nOp64XN0kQxKMquXySxGJEquuONkl3gc_&Key-Pair-Id=APKAI5ZVHAXN65CHVU2Q
https://d30y9cdsu7xlg0.cloudfront.net/png/284-1200.png?response-content-dis…2UDxh6lo5lYosu8jjihzTsU3357SiEhwQpdD8VfY_&Key-Pair-Id=APKAI5ZVHAXN65CHVU2Q
https://d30y9cdsu7xlg0.cloudfront.net/png/323-1200.png?response-content-dis…TvXkMQ41P-l0UMTA13Oq5un1DN4EkRN4sIHeCpng_&Key-Pair-Id=APKAI5ZVHAXN65CHVU2Q
https://d30y9cdsu7xlg0.cloudfront.net/png/318-1200.png?response-content-dis…06kXWZ5fF0cYzunWJExqs4k1S6BmXZqSD7S8KuFw_&Key-Pair-Id=APKAI5ZVHAXN65CHVU2Q
https://d30y9cdsu7xlg0.cloudfront.net/png/316-1200.png?response-content-dis…~4cFRrFlL4u9aLIpMslTDL1ISnrevAXjCPhD7How_&Key-Pair-Id=APKAI5ZVHAXN65CHVU2Q
https://d30y9cdsu7xlg0.cloudfront.net/png/354-1200.png?response-content-dis…bbYbnuf2ldW~5kA-J40W1wDhYejd0RIf38OkaiO8_&Key-Pair-Id=APKAI5ZVHAXN65CHVU2Q
https://d30y9cdsu7xlg0.cloudfront.net/png/329-1200.png?response-content-dis…KWM~iPrFaJjNAjZGHTfBhZI9klVcm1V7oZ1iWhiw_&Key-Pair-Id=APKAI5ZVHAXN65CHVU2Q
https://d30y9cdsu7xlg0.cloudfront.net/png/324-1200.png?response-content-dis…0cKu6SXUe2BmZVchbWIPWj89hsUg6nhh4LCpPTD0_&Key-Pair-Id=APKAI5ZVHAXN65CHVU2Q
https://d30y9cdsu7xlg0.cloudfront.net/png/358-1200.png?response-content-dis…smz04kwT07pbnJHwcXyk72dlZERZQHPrVss4b9OA_&Key-Pair-Id=APKAI5ZVHAXN65CHVU2Q
https://d30y9cdsu7xlg0.cloudfront.net/png/386-1200.png?response-content-dis…WeiRsid4vap44Iy8Wx2MHZe7BOpE0QAKyKGHGk6I_&Key-Pair-Id=APKAI5ZVHAXN65CHVU2Q
https://d30y9cdsu7xlg0.cloudfront.net/png/388-1200.png?response-content-dis…W4Dl~zqnA23B2OrUytkuKkGk3wLnCnJLOD56FA2c_&Key-Pair-Id=APKAI5ZVHAXN65CHVU2Q
https://d30y9cdsu7xlg0.cloudfront.net/png/491-1200.png?response-content-dis…5EY6J88iHj5d4cvqY6w5hR00LIH59W1fEiR0y25c_&Key-Pair-Id=APKAI5ZVHAXN65CHVU2Q
https://d30y9cdsu7xlg0.cloudfront.net/png/492-1200.png?response-content-dis…SkNOdt1QVqYGm85ZP3lPVUjx1fB3PpS2KyF8e2aw_&Key-Pair-Id=APKAI5ZVHAXN65CHVU2Q
https://d30y9cdsu7xlg0.cloudfront.net/png/494-1200.png?response-content-dis…Yo37-jOzEmAhrllKFGXw1Z0gwY-4duj613JOpznU_&Key-Pair-Id=APKAI5ZVHAXN65CHVU2Q
https://d30y9cdsu7xlg0.cloudfront.net/png/497-1200.png?response-content-dis…BgvrlZZTDJ7ZQmq-Yz7k9M6LxXH1OxM8SRd2s6yY_&Key-Pair-Id=APKAI5ZVHAXN65CHVU2Q
https://d30y9cdsu7xlg0.cloudfront.net/png/498-1200.png?response-content-dis…mEekp~7rsXn~8t7J5c67mRaAUnO7SEeKVpKq7Atk_&Key-Pair-Id=APKAI5ZVHAXN65CHVU2Q
https://d30y9cdsu7xlg0.cloudfront.net/png/500-1200.png?response-content-dis…5dOaCvCnjiRP4Z9MtX-miX2CU-k4xnn4nUDqCtJQ_&Key-Pair-Id=APKAI5ZVHAXN65CHVU2Q
https://d30y9cdsu7xlg0.cloudfront.net/png/496-1200.png?response-content-dis…f85du2GcyiGpJIeVUCYWTBrxiSvMjBLg2ojxu1SU_&Key-Pair-Id=APKAI5ZVHAXN65CHVU2Q
https://d30y9cdsu7xlg0.cloudfront.net/png/499-1200.png?response-content-dis…75HA-crIiHgld1jtx2ewunPia-tTK5s4~pH20FRY_&Key-Pair-Id=APKAI5ZVHAXN65CHVU2Q
https://d30y9cdsu7xlg0.cloudfront.net/png/502-1200.png?response-content-dis…0V~SaR5lqWV2w-LYeiJwXK9XU3Qqv5u3DMF7hyxU_&Key-Pair-Id=APKAI5ZVHAXN65CHVU2Q
https://d30y9cdsu7xlg0.cloudfront.net/png/503-1200.png?response-content-dis…-H0WBUwsegM6DAg1brg1AkbOg6nfHWl6Yy7dcbLQ_&Key-Pair-Id=APKAI5ZVHAXN65CHVU2Q
https://d30y9cdsu7xlg0.cloudfront.net/png/501-1200.png?response-content-dis…wbB-vHnd5CQC6P51BS8N4-k9djVEUQZTuac0MB7s_&Key-Pair-Id=APKAI5ZVHAXN65CHVU2Q
https://d30y9cdsu7xlg0.cloudfront.net/png/505-1200.png?response-content-dis…SriqLgy-7vv0C9iF-dc5QwePNxXTzgCZcdNTpfBM_&Key-Pair-Id=APKAI5ZVHAXN65CHVU2Q
https://d30y9cdsu7xlg0.cloudfront.net/png/506-1200.png?response-content-dis…uInCWEBYtBvqg30VOpz1HrNbL-BW9cz7KoMrJoq8_&Key-Pair-Id=APKAI5ZVHAXN65CHVU2Q
https://d30y9cdsu7xlg0.cloudfront.net/png/507-1200.png?response-content-dis…Zh7ECrLZSiLnAdl6M9kQXbGmxKqHL8wRMVOwPw9A_&Key-Pair-Id=APKAI5ZVHAXN65CHVU2Q
https://d30y9cdsu7xlg0.cloudfront.net/png/509-1200.png?response-content-dis…80YTxnZuYZB0RFOXcndu8JZtViKG8-fn-Qq1XrtA_&Key-Pair-Id=APKAI5ZVHAXN65CHVU2Q
https://d30y9cdsu7xlg0.cloudfront.net/png/515-1200.png?response-content-dis…G2nUxJxKQRFrQlWOTW0pnzJ9VRTsrQn5sVp5FauA_&Key-Pair-Id=APKAI5ZVHAXN65CHVU2Q
https://d30y9cdsu7xlg0.cloudfront.net/png/518-1200.png?response-content-dis…PyJA9pSEvifG7TlLqEh4sf4Gjz2HvARudbFboP6o_&Key-Pair-Id=APKAI5ZVHAXN65CHVU2Q
https://d30y9cdsu7xlg0.cloudfront.net/png/510-1200.png?response-content-dis…X-y1P3j6iijFzhiAfX2plCGsddZ9PuHiWx81UPMQ_&Key-Pair-Id=APKAI5ZVHAXN65CHVU2Q
https://d30y9cdsu7xlg0.cloudfront.net/png/520-1200.png?response-content-dis…-XPy-gwHfaeVfCOanselxh04~VReu5ldj825D4w0_&Key-Pair-Id=APKAI5ZVHAXN65CHVU2Q
https://d30y9cdsu7xlg0.cloudfront.net/png/521-1200.png?response-content-dis…VKMdIl~jtGKo90oLqtPIN8yA~Om6vCR7vRh1nUzM_&Key-Pair-Id=APKAI5ZVHAXN65CHVU2Q
https://d30y9cdsu7xlg0.cloudfront.net/png/522-1200.png?response-content-dis…cJNPu4fxjJI9dTc38sJeNO9o3MKFTcamQbtta36g_&Key-Pair-Id=APKAI5ZVHAXN65CHVU2Q
https://d30y9cdsu7xlg0.cloudfront.net/png/523-1200.png?response-content-dis…nn8Fga0gzg9uQhQhRh2yTLF8XyYsLiIk2xKIGYEA_&Key-Pair-Id=APKAI5ZVHAXN65CHVU2Q
https://d30y9cdsu7xlg0.cloudfront.net/png/525-1200.png?response-content-dis…ktKcUrHZVGs3rzYxSFoCpTpDcDtNp5j4poeK7-1Y_&Key-Pair-Id=APKAI5ZVHAXN65CHVU2Q
https://d30y9cdsu7xlg0.cloudfront.net/png/524-1200.png?response-content-dis…s70IZjL6kfIsCa4GQF37OMyUv~29QayJKJ0~1cKI_&Key-Pair-Id=APKAI5ZVHAXN65CHVU2Q
https://d30y9cdsu7xlg0.cloudfront.net/png/526-1200.png?response-content-dis…XYYm~qAj4bk-1nmeASOaBHxypk36m-UAkY~0cCAg_&Key-Pair-Id=APKAI5ZVHAXN65CHVU2Q
https://d30y9cdsu7xlg0.cloudfront.net/png/527-1200.png?response-content-dis…Ggsxi8sNDZzhnCSgcoJ9-6BTynEYPtMpbfkxDWXg_&Key-Pair-Id=APKAI5ZVHAXN65CHVU2Q
https://d30y9cdsu7xlg0.cloudfront.net/png/528-1200.png?response-content-dis…FMcd56mU6ZRs8gXlXP-29Mfrkhi0HmtV3Xq-YH~4_&Key-Pair-Id=APKAI5ZVHAXN65CHVU2Q
https://d30y9cdsu7xlg0.cloudfront.net/png/529-1200.png?response-content-dis…3xLcOKQhYQH~tMz3WOPSwDvc7UuBsnSu0ChXeavw_&Key-Pair-Id=APKAI5ZVHAXN65CHVU2Q
https://d30y9cdsu7xlg0.cloudfront.net/png/551-1200.png?response-content-dis…Xgfh1rTSbH76k-qaaBZZruEzqfb46toZ8N~S9du0_&Key-Pair-Id=APKAI5ZVHAXN65CHVU2Q
https://d30y9cdsu7xlg0.cloudfront.net/png/552-1200.png?response-content-dis…NwAleWW~KzgGircXT~2MeZ7vFbPgM1CYmcEpOzms_&Key-Pair-Id=APKAI5ZVHAXN65CHVU2Q
https://d30y9cdsu7xlg0.cloudfront.net/png/554-1200.png?response-content-dis…C19rb8Kn1-mQQULci9Fmj~-SiBnW4ylqqKdoeI2Y_&Key-Pair-Id=APKAI5ZVHAXN65CHVU2Q
https://d30y9cdsu7xlg0.cloudfront.net/png/553-1200.png?response-content-dis…WKXeMn7b1VjK4EXzxrreXdBvSTvHfUsHcYq7SpZc_&Key-Pair-Id=APKAI5ZVHAXN65CHVU2Q
https://d30y9cdsu7xlg0.cloudfront.net/png/562-1200.png?response-content-dis…m2Bwi2DsUjn5-BWFeAPT~E~4ljXMx2yL6G047PLM_&Key-Pair-Id=APKAI5ZVHAXN65CHVU2Q
https://d30y9cdsu7xlg0.cloudfront.net/png/563-1200.png?response-content-dis…sW7BcunqmsRKO3CA5hKeybB7Y6~WXPQNNHZQH51k_&Key-Pair-Id=APKAI5ZVHAXN65CHVU2Q
https://d30y9cdsu7xlg0.cloudfront.net/png/565-1200.png?response-content-dis…VWi784NPHc5q2RcOQv4ssSLswO082HADiuhUSYBc_&Key-Pair-Id=APKAI5ZVHAXN65CHVU2Q
https://d30y9cdsu7xlg0.cloudfront.net/png/564-1200.png?response-content-dis…dwLY-scVkvYmvDEluIKZT6cYmyaOcoZDjVZZza3M_&Key-Pair-Id=APKAI5ZVHAXN65CHVU2Q
https://d30y9cdsu7xlg0.cloudfront.net/png/575-1200.png?response-content-dis…VpZRv5oe9YJ8Y0eg~1N0IFmvMzOnsIcOMxdl0k~0_&Key-Pair-Id=APKAI5ZVHAXN65CHVU2Q
https://d30y9cdsu7xlg0.cloudfront.net/png/578-1200.png?response-content-dis…m4VOEj7b8qY5kL2wycxwsqCTPyIq0qxQUD0q6Z6Y_&Key-Pair-Id=APKAI5ZVHAXN65CHVU2Q
https://d30y9cdsu7xlg0.cloudfront.net/png/581-1200.png?response-content-dis…K1Q6P3KEZ1ma3CjLBVFyGj~o~ORXIfhlz1sC~Qks_&Key-Pair-Id=APKAI5ZVHAXN65CHVU2Q
https://d30y9cdsu7xlg0.cloudfront.net/png/588-1200.png?response-content-dis…AJK~iEefKMdufNCPHTJbul3TEnK8hMznXuL6qFc8_&Key-Pair-Id=APKAI5ZVHAXN65CHVU2Q
https://d30y9cdsu7xlg0.cloudfront.net/png/660-1200.png?response-content-dis…NciKPbJvodLh-Incy-fNFqYBCmPZNxwUdgv0~4hI_&Key-Pair-Id=APKAI5ZVHAXN65CHVU2Q
https://d30y9cdsu7xlg0.cloudfront.net/png/661-1200.png?response-content-dis…Oc-HF6~Kw4YQmDG92v13TKVwbLRe-3lkUq7xsVcc_&Key-Pair-Id=APKAI5ZVHAXN65CHVU2Q
https://d30y9cdsu7xlg0.cloudfront.net/png/662-1200.png?response-content-dis…71sM1UrC6PvetYT6iJ-MvH5AGNGhD~3qL9nCjjJ8_&Key-Pair-Id=APKAI5ZVHAXN65CHVU2Q
https://d30y9cdsu7xlg0.cloudfront.net/png/663-1200.png?response-content-dis…s7h0eRDopTm7K3slN8epCVkqjHYQmhqVFPJfq2uw_&Key-Pair-Id=APKAI5ZVHAXN65CHVU2Q
https://d30y9cdsu7xlg0.cloudfront.net/png/665-1200.png?response-content-dis…HgepLw7XGwYQapMufrClspJ3IJOot0haDQlGQLfY_&Key-Pair-Id=APKAI5ZVHAXN65CHVU2Q
https://d30y9cdsu7xlg0.cloudfront.net/png/666-1200.png?response-content-dis…P3yuV9JC-wFajdLZO6Y93Q2OnQoJ8qZc~RTK7axA_&Key-Pair-Id=APKAI5ZVHAXN65CHVU2Q
https://d30y9cdsu7xlg0.cloudfront.net/png/670-1200.png?response-content-dis…lce5H4oeNnMoS8e7aaB9BgifLl8ZXiKgVS4dzKk4_&Key-Pair-Id=APKAI5ZVHAXN65CHVU2Q
https://d30y9cdsu7xlg0.cloudfront.net/png/667-1200.png?response-content-dis…WjSytxFsEDa~dDlxNPwO8eIHzFyNUGplb2vSsI08_&Key-Pair-Id=APKAI5ZVHAXN65CHVU2Q
https://d30y9cdsu7xlg0.cloudfront.net/png/671-1200.png?response-content-dis…Hx1FbIDEFgGUMq3ph~0ayZ59FqkeoF3Gud0DY5zg_&Key-Pair-Id=APKAI5ZVHAXN65CHVU2Q
https://d30y9cdsu7xlg0.cloudfront.net/png/673-1200.png?response-content-dis…uatkUoeKsAFloIqunMBtfm~nehkM9S1sgXmTPmH8_&Key-Pair-Id=APKAI5ZVHAXN65CHVU2Q
https://d30y9cdsu7xlg0.cloudfront.net/png/675-1200.png?response-content-dis…1cEbECcC56c4a482WI0fJE-fQePEmIeNlEqBgv8I_&Key-Pair-Id=APKAI5ZVHAXN65CHVU2Q
https://d30y9cdsu7xlg0.cloudfront.net/png/676-1200.png?response-content-dis…aX0j7QsLAoFvTvFn~Y9U~yawm56tEOirJdmb4~58_&Key-Pair-Id=APKAI5ZVHAXN65CHVU2Q
https://d30y9cdsu7xlg0.cloudfront.net/png/677-1200.png?response-content-dis…s-5O7CfKB7HoI-fERzSJkEr6IyUHBrloqlqW~zO8_&Key-Pair-Id=APKAI5ZVHAXN65CHVU2Q
https://d30y9cdsu7xlg0.cloudfront.net/png/679-1200.png?response-content-dis…O7a1dTQr1F2nubGYW~R3raPAoHsYbCKMMggvAclI_&Key-Pair-Id=APKAI5ZVHAXN65CHVU2Q
https://d30y9cdsu7xlg0.cloudfront.net/png/681-1200.png?response-content-dis…pFq4Ad1JdGs-PZXjLTzdQcM7UvpZTfthUT7TQcGo_&Key-Pair-Id=APKAI5ZVHAXN65CHVU2Q
https://d30y9cdsu7xlg0.cloudfront.net/png/684-1200.png?response-content-dis…MrQEbK3D6OB0QuKi~5J3kalsCv0lHUKLUTyqK1g8_&Key-Pair-Id=APKAI5ZVHAXN65CHVU2Q
https://d30y9cdsu7xlg0.cloudfront.net/png/703-1200.png?response-content-dis…rWgbL6iz5KTUL-kFwgDl3ewlgMucm-Qk2cvpMswY_&Key-Pair-Id=APKAI5ZVHAXN65CHVU2Q
https://d30y9cdsu7xlg0.cloudfront.net/png/704-1200.png?response-content-dis…Sq2cP2THXluHFJPEbVkIUU-q5mM6Mnd-LUleIFpk_&Key-Pair-Id=APKAI5ZVHAXN65CHVU2Q
https://d30y9cdsu7xlg0.cloudfront.net/png/697-1200.png?response-content-dis…0TzLJwsVwr5SXelSrI8kFbW8j~iYB1i3ti0ma2uA_&Key-Pair-Id=APKAI5ZVHAXN65CHVU2Q
https://d30y9cdsu7xlg0.cloudfront.net/png/716-1200.png?response-content-dis…s7tb5g3d~IZKzvgc57tMAaC88HOalFaHmMIRwBYA_&Key-Pair-Id=APKAI5ZVHAXN65CHVU2Q
https://d30y9cdsu7xlg0.cloudfront.net/png/717-1200.png?response-content-dis…knffKd6Zn1YSa72J2YAy~n19HrsttftAH9vBGGl0_&Key-Pair-Id=APKAI5ZVHAXN65CHVU2Q
https://d30y9cdsu7xlg0.cloudfront.net/png/718-1200.png?response-content-dis…KZdgmsCKM~OIhVV0uR8r~jlhwMaFvL-B~DfRg0UQ_&Key-Pair-Id=APKAI5ZVHAXN65CHVU2Q
https://d30y9cdsu7xlg0.cloudfront.net/png/719-1200.png?response-content-dis…ojegpmETOuYZZJ5rr~oRfR0WEP5wpQRaqOZUyCaQ_&Key-Pair-Id=APKAI5ZVHAXN65CHVU2Q
